<?xml version="1.0" encoding="UTF-8"?>
<testng-results ignored="0" total="3" passed="2" failed="1" skipped="0">
  <reporter-output>
  </reporter-output>
  <suite started-at="2023-12-05T17:03:51 IST" name="Command line suite" finished-at="2023-12-05T17:04:15 IST" duration-ms="23964">
    <groups>
      <group name="cucumber">
        <method signature="AbstractTestNGCucumberTests.runScenario(io.cucumber.testng.PickleWrapper,io.cucumber.testng.FeatureWrapper)[pri:0, instance:RunnerClass.TestNGRunnerClass@1eb5174b]" name="runScenario" class="io.cucumber.testng.AbstractTestNGCucumberTests"/>
      </group> <!-- cucumber -->
    </groups>
    <test started-at="2023-12-05T17:03:51 IST" name="Command line test" finished-at="2023-12-05T17:04:15 IST" duration-ms="23964">
      <class name="RunnerClass.TestNGRunnerClass">
        <test-method is-config="true" signature="setUpClass(org.testng.ITestContext)[pri:0, instance:RunnerClass.TestNGRunnerClass@1eb5174b]" started-at="2023-12-05T17:03:51 IST" name="setUpClass" finished-at="2023-12-05T17:03:53 IST" duration-ms="1150" status="PASS">
          <params>
            <param index="0">
              <value>
                <![CDATA[org.testng.TestRunner@3ae0b770]]>
              </value>
            </param>
          </params>
          <reporter-output>
          </reporter-output>
        </test-method> <!-- setUpClass -->
        <test-method signature="runScenario(io.cucumber.testng.PickleWrapper,io.cucumber.testng.FeatureWrapper)[pri:0, instance:RunnerClass.TestNGRunnerClass@1eb5174b]" started-at="2023-12-05T17:03:53 IST" name="runScenario" description="Runs Cucumber Scenarios" data-provider="scenarios" finished-at="2023-12-05T17:04:14 IST" duration-ms="21286" status="PASS">
          <params>
            <param index="0">
              <value>
                <![CDATA["Search product in both home and offers page"]]>
              </value>
            </param>
            <param index="1">
              <value>
                <![CDATA["Search and place the order for the product"]]>
              </value>
            </param>
          </params>
          <reporter-output>
          </reporter-output>
        </test-method> <!-- runScenario -->
        <test-method signature="runScenario(io.cucumber.testng.PickleWrapper,io.cucumber.testng.FeatureWrapper)[pri:0, instance:RunnerClass.TestNGRunnerClass@1eb5174b]" started-at="2023-12-05T17:03:53 IST" name="runScenario" description="Runs Cucumber Scenarios" data-provider="scenarios" finished-at="2023-12-05T17:04:14 IST" duration-ms="21054" status="PASS">
          <params>
            <param index="0">
              <value>
                <![CDATA["Search product and place the order"]]>
              </value>
            </param>
            <param index="1">
              <value>
                <![CDATA["Place the order for the product"]]>
              </value>
            </param>
          </params>
          <reporter-output>
          </reporter-output>
        </test-method> <!-- runScenario -->
        <test-method signature="runScenario(io.cucumber.testng.PickleWrapper,io.cucumber.testng.FeatureWrapper)[pri:0, instance:RunnerClass.TestNGRunnerClass@1eb5174b]" started-at="2023-12-05T17:03:53 IST" name="runScenario" description="Runs Cucumber Scenarios" data-provider="scenarios" finished-at="2023-12-05T17:04:14 IST" duration-ms="21507" status="FAIL">
          <params>
            <param index="0">
              <value>
                <![CDATA["Search product in both home and offers page"]]>
              </value>
            </param>
            <param index="1">
              <value>
                <![CDATA["Search and place the order for the product"]]>
              </value>
            </param>
          </params>
          <exception class="java.lang.AssertionError">
            <message>
              <![CDATA[expected [Beetroot] but found [No data]]]>
            </message>
            <full-stacktrace>
              <![CDATA[java.lang.AssertionError: expected [Beetroot] but found [No data]
at org.testng.Assert.fail(Assert.java:110)
at org.testng.Assert.failNotEquals(Assert.java:1413)
at org.testng.Assert.assertEqualsImpl(Assert.java:149)
at org.testng.Assert.assertEquals(Assert.java:131)
at org.testng.Assert.assertEquals(Assert.java:655)
at org.testng.Assert.assertEquals(Assert.java:665)
at stepDefinitions.OfferPageStepDefinition.validate_product_name_matches_with_landing_page(OfferPageStepDefinition.java:45)
at âœ½.Validate product name matches with landing page(file:///C:/Users/003DQY744/Desktop/Learning/Java_SAP/CucumberBDDCompleteUdemy/src/test/java/featureFiles/SearchProduct.feature:9)
]]>
            </full-stacktrace>
          </exception> <!-- java.lang.AssertionError -->
          <reporter-output>
          </reporter-output>
        </test-method> <!-- runScenario -->
        <test-method is-config="true" signature="tearDownClass()[pri:0, instance:RunnerClass.TestNGRunnerClass@1eb5174b]" started-at="2023-12-05T17:04:14 IST" name="tearDownClass" finished-at="2023-12-05T17:04:15 IST" duration-ms="1239" status="PASS">
          <reporter-output>
          </reporter-output>
        </test-method> <!-- tearDownClass -->
      </class> <!-- RunnerClass.TestNGRunnerClass -->
    </test> <!-- Command line test -->
  </suite> <!-- Command line suite -->
</testng-results>
